Flow report for vspider
Mon May 11 19:16:18 2026
Quartus II 32-bit Version 13.0.1 Build 232 06/12/2013 Service Pack 1 SJ Web Edition


---------------------
; Table of Contents ;
---------------------
  1. Legal Notice
  2. Flow Summary
  3. Flow Settings
  4. Flow Non-Default Global Settings
  5. Flow Elapsed Time
  6. Flow OS Summary
  7. Flow Log
  8. Flow Messages
  9. Flow Suppressed Messages



----------------
; Legal Notice ;
----------------
Copyright (C) 1991-2013 Altera Corporation
Your use of Altera Corporation's design tools, logic functions 
and other software and tools, and its AMPP partner logic 
functions, and any output files from any of the foregoing 
(including device programming or simulation files), and any 
associated documentation or information are expressly subject 
to the terms and conditions of the Altera Program License 
Subscription Agreement, Altera MegaCore Function License 
Agreement, or other applicable license agreement, including, 
without limitation, that your use is for the sole purpose of 
programming logic devices manufactured by Altera and sold by 
Altera or its authorized distributors.  Please refer to the 
applicable agreement for further details.



+-----------------------------------------------------------------------------+
; Flow Summary                                                                ;
+---------------------------+-------------------------------------------------+
; Flow Status               ; Successful - Mon May 11 19:16:18 2026           ;
; Quartus II 32-bit Version ; 13.0.1 Build 232 06/12/2013 SP 1 SJ Web Edition ;
; Revision Name             ; vspider                                         ;
; Top-level Entity Name     ; vspider_top                                     ;
; Family                    ; MAX3000A                                        ;
; Device                    ; EPM3256ATC144-10                                ;
; Timing Models             ; Final                                           ;
; Total macrocells          ; 193 / 256 ( 75 % )                              ;
; Total pins                ; 104 / 116 ( 90 % )                              ;
+---------------------------+-------------------------------------------------+


+-----------------------------------------+
; Flow Settings                           ;
+-------------------+---------------------+
; Option            ; Setting             ;
+-------------------+---------------------+
; Start date & time ; 05/11/2026 19:16:03 ;
; Main task         ; Compilation         ;
; Revision Name     ; vspider             ;
+-------------------+---------------------+


+--------------------------------------------------------------------------------------------------------------------+
; Flow Non-Default Global Settings                                                                                   ;
+----------------------------------------+----------------------------+---------------+-------------+----------------+
; Assignment Name                        ; Value                      ; Default Value ; Entity Name ; Section Id     ;
+----------------------------------------+----------------------------+---------------+-------------+----------------+
; APEX20K_OPTIMIZATION_TECHNIQUE         ; Area                       ; Balanced      ; --          ; --             ;
; AUTO_RESOURCE_SHARING                  ; On                         ; Off           ; --          ; --             ;
; AUTO_TURBO_BIT                         ; Auto                       ; On            ; --          ; --             ;
; BLOCK_DESIGN_NAMING                    ; MaxPlusII                  ; Auto          ; --          ; --             ;
; COMPILER_SIGNATURE_ID                  ; 0.177851976344277          ; --            ; --          ; --             ;
; CYCLONE_OPTIMIZATION_TECHNIQUE         ; Area                       ; Balanced      ; --          ; --             ;
; EDA_OUTPUT_DATA_FORMAT                 ; Vhdl                       ; --            ; --          ; eda_simulation ;
; EDA_SIMULATION_TOOL                    ; ModelSim-Altera (VHDL)     ; <None>        ; --          ; --             ;
; ENABLE_DRC_SETTINGS                    ; On                         ; Off           ; --          ; --             ;
; FITTER_EFFORT                          ; Standard Fit               ; Auto Fit      ; --          ; --             ;
; FMAX_REQUIREMENT                       ; 28 MHz                     ; --            ; --          ; --             ;
; IP_TOOL_NAME                           ; LPM_SHIFTREG               ; --            ; --          ; --             ;
; IP_TOOL_NAME                           ; LPM_SHIFTREG               ; --            ; --          ; --             ;
; IP_TOOL_VERSION                        ; 13.0                       ; --            ; --          ; --             ;
; IP_TOOL_VERSION                        ; 13.0                       ; --            ; --          ; --             ;
; MAX7000_OPTIMIZATION_TECHNIQUE         ; Balanced                   ; Speed         ; --          ; --             ;
; MAX7000_PARALLEL_EXPANDER_CHAIN_LENGTH ; 2                          ; 4             ; --          ; --             ;
; MAXII_OPTIMIZATION_TECHNIQUE           ; Area                       ; Balanced      ; --          ; --             ;
; MISC_FILE                              ; ../rtl/shift/shift_out.cmp ; --            ; --          ; --             ;
; MISC_FILE                              ; ../rtl/shift/shift_in.cmp  ; --            ; --          ; --             ;
; OPTIMIZE_HOLD_TIMING                   ; Off                        ; --            ; --          ; --             ;
; OPTIMIZE_MULTI_CORNER_TIMING           ; On                         ; Off           ; --          ; --             ;
; STATE_MACHINE_PROCESSING               ; Minimal Bits               ; Auto          ; --          ; --             ;
; STRATIXII_OPTIMIZATION_TECHNIQUE       ; Area                       ; Balanced      ; --          ; --             ;
; STRATIX_OPTIMIZATION_TECHNIQUE         ; Area                       ; Balanced      ; --          ; --             ;
; SUPPRESS_REG_MINIMIZATION_MSG          ; On                         ; Off           ; --          ; --             ;
; SYNTH_TIMING_DRIVEN_SYNTHESIS          ; Off                        ; --            ; --          ; --             ;
; TOP_LEVEL_ENTITY                       ; vspider_top                ; vspider       ; --          ; --             ;
+----------------------------------------+----------------------------+---------------+-------------+----------------+


+-------------------------------------------------------------------------------------------------------------------------------+
; Flow Elapsed Time                                                                                                             ;
+---------------------------+--------------+-------------------------+---------------------+------------------------------------+
; Module Name               ; Elapsed Time ; Average Processors Used ; Peak Virtual Memory ; Total CPU Time (on all processors) ;
+---------------------------+--------------+-------------------------+---------------------+------------------------------------+
; Analysis & Synthesis      ; 00:00:02     ; 1.0                     ; 360 MB              ; 00:00:03                           ;
; Fitter                    ; 00:00:01     ; 1.0                     ; 298 MB              ; 00:00:01                           ;
; Assembler                 ; 00:00:01     ; 1.0                     ; 308 MB              ; 00:00:01                           ;
; TimeQuest Timing Analyzer ; 00:00:01     ; 1.0                     ; 290 MB              ; 00:00:01                           ;
; Design Assistant          ; 00:00:01     ; 1.0                     ; 284 MB              ; 00:00:01                           ;
; EDA Netlist Writer        ; 00:00:00     ; 1.0                     ; 299 MB              ; 00:00:01                           ;
; Total                     ; 00:00:06     ; --                      ; --                  ; 00:00:08                           ;
+---------------------------+--------------+-------------------------+---------------------+------------------------------------+


+-----------------------------------------------------------------------------------------+
; Flow OS Summary                                                                         ;
+---------------------------+------------------+------------+------------+----------------+
; Module Name               ; Machine Hostname ; OS Name    ; OS Version ; Processor type ;
+---------------------------+------------------+------------+------------+----------------+
; Analysis & Synthesis      ; andy-asus        ; Linux Mint ; 22         ; x86_64         ;
; Fitter                    ; andy-asus        ; Linux Mint ; 22         ; x86_64         ;
; Assembler                 ; andy-asus        ; Linux Mint ; 22         ; x86_64         ;
; TimeQuest Timing Analyzer ; andy-asus        ; Linux Mint ; 22         ; x86_64         ;
; Design Assistant          ; andy-asus        ; Linux Mint ; 22         ; x86_64         ;
; EDA Netlist Writer        ; andy-asus        ; Linux Mint ; 22         ; x86_64         ;
+---------------------------+------------------+------------+------------+----------------+


------------
; Flow Log ;
------------
quartus_map --read_settings_files=on --write_settings_files=off vspider -c vspider
quartus_fit --read_settings_files=off --write_settings_files=off vspider -c vspider
quartus_asm --read_settings_files=off --write_settings_files=off vspider -c vspider
quartus_sta vspider -c vspider
quartus_drc --read_settings_files=off --write_settings_files=off vspider -c vspider
quartus_eda --read_settings_files=off --write_settings_files=off vspider -c vspider



